c:\users\xoidr\desktop\squarefighters2d\clientside\x64\release\vc143.pdb
c:\users\xoidr\desktop\squarefighters2d\clientside\x64\release\utils.obj
c:\users\xoidr\desktop\squarefighters2d\clientside\x64\release\ui.obj
c:\users\xoidr\desktop\squarefighters2d\clientside\x64\release\networkclient.obj
c:\users\xoidr\desktop\squarefighters2d\clientside\x64\release\mainclientside.obj
c:\users\xoidr\desktop\squarefighters2d\clientside\x64\release\gamestate.obj
c:\users\xoidr\desktop\squarefighters2d\x64\release\raylib.dll
c:\users\xoidr\desktop\squarefighters2d\x64\release\glfw3.dll
c:\users\xoidr\desktop\squarefighters2d\x64\release\clientside.exe
c:\users\xoidr\desktop\squarefighters2d\x64\release\clientside.pdb
c:\users\xoidr\desktop\squarefighters2d\clientside\x64\release\clientside.ipdb
c:\users\xoidr\desktop\squarefighters2d\clientside\x64\release\clientside.iobj
c:\users\xoidr\desktop\squarefighters2d\clientside\x64\release\clientside.tlog\cl.command.1.tlog
c:\users\xoidr\desktop\squarefighters2d\clientside\x64\release\clientside.tlog\cl.items.tlog
c:\users\xoidr\desktop\squarefighters2d\clientside\x64\release\clientside.tlog\cl.read.1.tlog
c:\users\xoidr\desktop\squarefighters2d\clientside\x64\release\clientside.tlog\cl.write.1.tlog
c:\users\xoidr\desktop\squarefighters2d\clientside\x64\release\clientside.tlog\clientside.write.1u.tlog
c:\users\xoidr\desktop\squarefighters2d\clientside\x64\release\clientside.tlog\link.command.1.tlog
c:\users\xoidr\desktop\squarefighters2d\clientside\x64\release\clientside.tlog\link.read.1.tlog
c:\users\xoidr\desktop\squarefighters2d\clientside\x64\release\clientside.tlog\link.secondary.1.tlog
c:\users\xoidr\desktop\squarefighters2d\clientside\x64\release\clientside.tlog\link.write.1.tlog
