c:\users\xoidr\desktop\newgrowtopia\serverside\x64\release\vc143.pdb
c:\users\xoidr\desktop\newgrowtopia\serverside\x64\release\utils.obj
c:\users\xoidr\desktop\newgrowtopia\serverside\x64\release\mainserverside.obj
c:\users\xoidr\desktop\newgrowtopia\serverside\x64\release\roommanager.obj
c:\users\xoidr\desktop\newgrowtopia\serverside\x64\release\networkmanager.obj
c:\users\xoidr\desktop\newgrowtopia\x64\release\serverside.exe
c:\users\xoidr\desktop\newgrowtopia\x64\release\serverside.pdb
c:\users\xoidr\desktop\newgrowtopia\serverside\x64\release\serverside.ipdb
c:\users\xoidr\desktop\newgrowtopia\serverside\x64\release\serverside.iobj
c:\users\xoidr\desktop\squarefighters2d\serverside\x64\release\mainserverside.obj
c:\users\xoidr\desktop\squarefighters2d\serverside\x64\release\networkmanager.obj
c:\users\xoidr\desktop\squarefighters2d\serverside\x64\release\roommanager.obj
c:\users\xoidr\desktop\squarefighters2d\serverside\x64\release\utils.obj
c:\users\xoidr\desktop\squarefighters2d\serverside\x64\release\serverside.ipdb
c:\users\xoidr\desktop\squarefighters2d\serverside\x64\release\serverside.iobj
c:\users\xoidr\desktop\squarefighters2d\serverside\x64\release\vc143.pdb
c:\users\xoidr\desktop\squarefighters2d\x64\release\serverside.pdb
c:\users\xoidr\desktop\squarefighters2d\x64\release\serverside.exe
c:\users\xoidr\desktop\squarefighters2d\serverside\x64\release\serverside.tlog\cl.command.1.tlog
c:\users\xoidr\desktop\squarefighters2d\serverside\x64\release\serverside.tlog\cl.items.tlog
c:\users\xoidr\desktop\squarefighters2d\serverside\x64\release\serverside.tlog\cl.read.1.tlog
c:\users\xoidr\desktop\squarefighters2d\serverside\x64\release\serverside.tlog\cl.write.1.tlog
c:\users\xoidr\desktop\squarefighters2d\serverside\x64\release\serverside.tlog\link.command.1.tlog
c:\users\xoidr\desktop\squarefighters2d\serverside\x64\release\serverside.tlog\link.read.1.tlog
c:\users\xoidr\desktop\squarefighters2d\serverside\x64\release\serverside.tlog\link.secondary.1.tlog
c:\users\xoidr\desktop\squarefighters2d\serverside\x64\release\serverside.tlog\link.write.1.tlog
